Flutter crash report; please file at https://github.com/flutter/flutter/issues.

## command

flutter packages get

## exception

FileSystemException: FileSystemException: Deletion failed, path = 'd:\prony\FLutterModule\flutter_module\.android' (OS Error: 目录不是空的。
, errno = 145)

```
#0      _Directory._deleteSync (dart:io/directory_impl.dart:206:7)
#1      FileSystemEntity.deleteSync (dart:io/file_system_entity.dart:466:47)
#2      ForwardingFileSystemEntity.deleteSync (package:file/src/forwarding/forwarding_file_system_entity.dart:72:16)
#3      _deleteIfExistsSync (package:flutter_tools/src/project.dart:459:15)
#4      AndroidProject._regenerateLibrary (package:flutter_tools/src/project.dart:436:5)
#5      AndroidProject.ensureReadyForPlatformSpecificTooling (package:flutter_tools/src/project.dart:400:7)
<asynchronous suspension>
#6      FlutterProject.ensureReadyForPlatformSpecificTooling (package:flutter_tools/src/project.dart:144:19)
<asynchronous suspension>
#7      PackagesGetCommand.runCommand (package:flutter_tools/src/commands/packages.dart:84:23)
<asynchronous suspension>
#8      FlutterCommand.verifyThenRunCommand (package:flutter_tools/src/runner/flutter_command.dart:545:18)
#9      _asyncThenWrapperHelper.<anonymous closure> (dart:async/runtime/libasync_patch.dart:77:64)
#10     _rootRunUnary (dart:async/zone.dart:1132:38)
#11     _CustomZone.runUnary (dart:async/zone.dart:1029:19)
#12     _FutureListener.handleValue (dart:async/future_impl.dart:126:18)
#13     Future._propagateToListeners.handleValueCallback (dart:async/future_impl.dart:639:45)
#14     Future._propagateToListeners (dart:async/future_impl.dart:668:32)
#15     Future._complete (dart:async/future_impl.dart:473:7)
#16     _SyncCompleter.complete (dart:async/future_impl.dart:51:12)
#17     _AsyncAwaitCompleter.complete.<anonymous closure> (dart:async/runtime/libasync_patch.dart:33:20)
#18     _rootRun (dart:async/zone.dart:1124:13)
#19     _CustomZone.run (dart:async/zone.dart:1021:19)
#20     _CustomZone.bindCallback.<anonymous closure> (dart:async/zone.dart:947:23)
#21     _microtaskLoop (dart:async/schedule_microtask.dart:41:21)
#22     _startMicrotaskLoop (dart:async/schedule_microtask.dart:50:5)
#23     _runPendingImmediateCallback (dart:isolate/runtime/libisolate_patch.dart:115:13)
#24     _RawReceivePortImpl._handleMessage (dart:isolate/runtime/libisolate_patch.dart:172:5)
```

## flutter doctor

```
[✓] Flutter (Channel stable, v1.2.1, on Microsoft Windows [Version 6.1.7601], locale zh-CN)
    • Flutter version 1.2.1 at D:\flutter
    • Framework revision 8661d8aecd (3 weeks ago), 2019-02-14 19:19:53 -0800
    • Engine revision 3757390fa4
    • Dart version 2.1.2 (build 2.1.2-dev.0.0 0a7dcf17eb)

[✓] Android toolchain - develop for Android devices (Android SDK version 28.0.3)
    • Android SDK at D:\AndroidSdk
    • Android NDK location not configured (optional; useful for native profiling support)
    • Platform android-28, build-tools 28.0.3
    • ANDROID_HOME = D:\AndroidSdk
    • Java binary at: D:\androidstudio\jre\bin\java
    • Java version OpenJDK Runtime Environment (build 1.8.0_152-release-1136-b06)
    • All Android licenses accepted.

[✓] Android Studio (version 3.0)
    • Android Studio at D:\AndroidStudio
    • Flutter plugin version 23.2.1
    • Dart plugin version 171.4424
    • Java version OpenJDK Runtime Environment (build 1.8.0_152-release-1136-b06)

[✓] Android Studio (version 3.2)
    • Android Studio at D:\androidstudio
    • Flutter plugin version 31.3.1
    • Dart plugin version 181.5656
    • Java version OpenJDK Runtime Environment (build 1.8.0_152-release-1136-b06)

[✓] VS Code, 64-bit edition (version 1.21.1)
    • VS Code at C:\Program Files\Microsoft VS Code
    • Flutter extension version 2.24.0

[✓] Connected device (1 available)
    • Google Pixel 2 • 192.168.109.101:5555 • android-x86 • Android 8.0.0 (API 26)

• No issues found!
```
